<?xml version="1.0" encoding="UTF-8"?>
<!-- Generated by org.testng.reporters.JUnitReportReporter -->
<testsuite hostname="DESKTOP-IU9D0MM" failures="0" tests="1" name="com.BB.test.SignUpTest_Nive" time="157.025" errors="0" timestamp="2024-07-05T10:45:58 IST" skipped="0">
  <testcase classname="com.BB.test.SignUpTest_Nive" name="signupTestInvalid" time="157.025"/>
</testsuite> <!-- com.BB.test.SignUpTest_Nive -->
