<?xml version="1.0" encoding="UTF-8"?>
<!-- Generated by org.testng.reporters.JUnitReportReporter -->
<testsuite hostname="DESKTOP-IU9D0MM" failures="0" tests="1" name="com.BB.test.AddedItemsCartTest" time="155.106" errors="0" timestamp="2024-07-05T20:55:29 IST" skipped="0">
  <testcase classname="com.BB.test.AddedItemsCartTest" name="ItemsAddedCartTest" time="155.106"/>
</testsuite> <!-- com.BB.test.AddedItemsCartTest -->
