<?xml version="1.0" encoding="UTF-8"?>
<!-- Generated by org.testng.reporters.JUnitReportReporter -->
<testsuite hostname="DESKTOP-IU9D0MM" failures="0" tests="1" name="com.BB.test.BrokenLinkTest" time="16.177" errors="0" timestamp="2024-07-05T16:13:44 IST" skipped="0">
  <testcase classname="com.BB.test.BrokenLinkTest" name="verifyGivenURL" time="16.177"/>
</testsuite> <!-- com.BB.test.BrokenLinkTest -->
