<?xml version="1.0" encoding="UTF-8"?>
<!-- Generated by org.testng.reporters.JUnitReportReporter -->
<testsuite hostname="DESKTOP-IU9D0MM" failures="0" tests="1" name="com.BB.test.SignUpTest_Pive" time="94.658" errors="0" timestamp="2024-07-05T10:50:41 IST" skipped="0">
  <testcase classname="com.BB.test.SignUpTest_Pive" name="signupTestvalid" time="94.658"/>
</testsuite> <!-- com.BB.test.SignUpTest_Pive -->
