<?xml version="1.0" encoding="UTF-8"?>
<!-- Generated by org.testng.reporters.JUnitReportReporter -->
<testsuite hostname="DESKTOP-IU9D0MM" failures="0" tests="4" name="com.BB.test.LogInTest_Nive" time="247.814" errors="0" timestamp="2024-07-05T11:13:47 IST" skipped="0">
  <testcase classname="com.BB.test.LogInTest_Nive" name="LogIn_InValid" time="60.630"/>
  <testcase classname="com.BB.test.LogInTest_Nive" name="LogIn_InValid" time="60.658"/>
  <testcase classname="com.BB.test.LogInTest_Nive" name="LogIn_InValid" time="62.627"/>
  <testcase classname="com.BB.test.LogInTest_Nive" name="LogIn_InValid" time="63.899"/>
</testsuite> <!-- com.BB.test.LogInTest_Nive -->
