<?xml version="1.0" encoding="UTF-8"?>
<!-- Generated by org.testng.reporters.JUnitReportReporter -->
<testsuite hostname="DESKTOP-IU9D0MM" failures="0" tests="1" name="com.BB.test.BottomLinkTest" time="51.162" errors="0" timestamp="2024-07-05T11:05:19 IST" skipped="0">
  <testcase classname="com.BB.test.BottomLinkTest" name="bottomLinksValid" time="51.162"/>
</testsuite> <!-- com.BB.test.BottomLinkTest -->
